<?xml version="1.0" encoding="UTF-8"?>
<!-- Generated by org.testng.reporters.JUnitReportReporter -->
<testsuite hostname="Sakthi" failures="0" tests="1" name="JDBC_Connection.CallDataFromYAML" time="0.330" errors="0" timestamp="2024-07-13T09:12:09 IST" skipped="0">
  <testcase classname="JDBC_Connection.CallDataFromYAML" name="method1" time="0.330"/>
  <system-out/>
</testsuite> <!-- JDBC_Connection.CallDataFromYAML -->
