<?xml version="1.0" encoding="UTF-8"?>
<!-- Generated by org.testng.reporters.JUnitReportReporter -->
<testsuite hostname="Sakthi" failures="0" tests="1" name="JDBC_Connection.Execution" time="4.951" errors="0" timestamp="2024-08-08T06:54:25 IST" skipped="0">
  <testcase classname="JDBC_Connection.Execution" name="login" time="4.951"/>
  <system-out/>
</testsuite> <!-- JDBC_Connection.Execution -->
