<?xml version="1.0" encoding="UTF-8"?>
<!-- Generated by org.testng.reporters.JUnitReportReporter -->
<testsuite hostname="Sakthi" failures="0" tests="1" name="JDBC_Connection.DataFetchingFromYAMLFile" time="0.164" errors="0" timestamp="2024-08-09T08:41:31 IST" skipped="0">
  <testcase classname="JDBC_Connection.DataFetchingFromYAMLFile" name="dataFetchedFromYAMLFile" time="0.164"/>
  <system-out/>
</testsuite> <!-- JDBC_Connection.DataFetchingFromYAMLFile -->
