<?xml version="1.0" encoding="UTF-8"?>
<!-- Generated by org.testng.reporters.JUnitReportReporter -->
<testsuite hostname="Sakthi" failures="0" tests="1" name="com.trailProject.Login_Page" time="5.848" errors="0" timestamp="2024-08-08T07:59:13 IST" skipped="0">
  <testcase classname="com.trailProject.Login_Page" name="login" time="5.848"/>
  <system-out/>
</testsuite> <!-- com.trailProject.Login_Page -->
