<?xml version="1.0" encoding="UTF-8"?>
<!-- Generated by org.testng.reporters.JUnitReportReporter -->
<testsuite hostname="Sakthi" failures="0" tests="1" name="JDBC_Connection.Datafetching" time="6.379" errors="0" timestamp="2024-08-08T06:14:48 IST" skipped="0">
  <testcase classname="JDBC_Connection.Datafetching" name="login" time="6.379"/>
  <system-out/>
</testsuite> <!-- JDBC_Connection.Datafetching -->
