<?xml version="1.0" encoding="UTF-8"?>
<!-- Generated by org.testng.reporters.JUnitReportReporter -->
<testsuite hostname="Sakthi" failures="0" tests="1" name="com.trailProject.DummyPrac" time="0.106" errors="0" timestamp="2024-08-09T06:41:07 IST" skipped="0">
  <testcase classname="com.trailProject.DummyPrac" name="dataFetchingFromYAML_Type1" time="0.106"/>
  <system-out/>
</testsuite> <!-- com.trailProject.DummyPrac -->
