<?xml version="1.0" encoding="UTF-8"?>
<!-- Generated by org.testng.reporters.JUnitReportReporter -->
<testsuite hostname="Sakthi" failures="0" tests="1" name="JDBC_Connection.DataFetingOverTheJDBCConnectionFromDB" time="1.808" errors="0" timestamp="2024-08-09T07:10:36 IST" skipped="0">
  <testcase classname="JDBC_Connection.DataFetingOverTheJDBCConnectionFromDB" name="jdbcSetup" time="1.808"/>
  <system-out/>
</testsuite> <!-- JDBC_Connection.DataFetingOverTheJDBCConnectionFromDB -->
